# JRE version: OpenJDK Runtime Environment Microsoft-8035246 (17.0.8+7) (build 17.0.8+7-LTS)
# Java VM: OpenJDK 64-Bit Server VM Microsoft-8035246 (17.0.8+7-LTS, mixed mode, sharing, tiered, compressed oops, compressed class ptrs, g1 gc, windows-amd64)
GC Precious Log:
 CPUs: 4 total, 4 available
 Memory: 8136M
 Large Page Support: Disabled
 NUMA Support: Disabled
 Compressed Oops: Enabled (32-bit)
 Heap Region Size: 1M
 Heap Min Capacity: 8M
 Heap Initial Capacity: 128M
 Heap Max Capacity: 2G
 Pre-touch: Disabled
 Parallel Workers: 4
 Concurrent Workers: 1
 Concurrent Refinement Workers: 4
 Periodic GC: Disabled
Heap:
 garbage-first heap   total 244736K, used 189783K [0x0000000080000000, 0x0000000100000000)
  region size 1024K, 5 young (5120K), 2 survivors (2048K)
 Metaspace       used 102676K, committed 103744K, reserved 557056K
  class space    used 14400K, committed 14912K, reserved 425984K
GC Heap History (20 events):
Event: 26.665 GC heap before
{Heap before GC invocations=41 (full 0):
 garbage-first heap   total 244736K, used 198151K [0x0000000080000000, 0x0000000100000000)
  region size 1024K, 73 young (74752K), 10 survivors (10240K)
 Metaspace       used 95066K, committed 96064K, reserved 557056K
  class space    used 13421K, committed 13888K, reserved 425984K
}
Event: 26.680 GC heap after
{Heap after GC invocations=42 (full 0):
 garbage-first heap   total 244736K, used 143338K [0x0000000080000000, 0x0000000100000000)
  region size 1024K, 10 young (10240K), 10 survivors (10240K)
 Metaspace       used 95066K, committed 96064K, reserved 557056K
  class space    used 13421K, committed 13888K, reserved 425984K
}
Event: 27.779 GC heap before
{Heap before GC invocations=42 (full 0):
 garbage-first heap   total 244736K, used 200682K [0x0000000080000000, 0x0000000100000000)
  region size 1024K, 64 young (65536K), 10 survivors (10240K)
 Metaspace       used 95707K, committed 96704K, reserved 557056K
  class space    used 13495K, committed 13952K, reserved 425984K
}
Event: 27.793 GC heap after
{Heap after GC invocations=43 (full 0):
 garbage-first heap   total 244736K, used 162203K [0x0000000080000000, 0x0000000100000000)
  region size 1024K, 8 young (8192K), 8 survivors (8192K)
 Metaspace       used 95707K, committed 96704K, reserved 557056K
  class space    used 13495K, committed 13952K, reserved 425984K
}
Event: 28.299 GC heap before
{Heap before GC invocations=43 (full 0):
 garbage-first heap   total 244736K, used 201115K [0x0000000080000000, 0x0000000100000000)
  region size 1024K, 46 young (47104K), 8 survivors (8192K)
 Metaspace       used 99469K, committed 100480K, reserved 557056K
  class space    used 14036K, committed 14528K, reserved 425984K
}
Event: 28.313 GC heap after
{Heap after GC invocations=44 (full 0):
 garbage-first heap   total 244736K, used 165724K [0x0000000080000000, 0x0000000100000000)
  region size 1024K, 3 young (3072K), 3 survivors (3072K)
 Metaspace       used 99469K, committed 100480K, reserved 557056K
  class space    used 14036K, committed 14528K, reserved 425984K
}
Event: 28.965 GC heap before
{Heap before GC invocations=44 (full 0):
 garbage-first heap   total 244736K, used 203612K [0x0000000080000000, 0x0000000100000000)
  region size 1024K, 40 young (40960K), 3 survivors (3072K)
 Metaspace       used 101018K, committed 102080K, reserved 557056K
  class space    used 14215K, committed 14720K, reserved 425984K
}
Event: 28.975 GC heap after
{Heap after GC invocations=45 (full 0):
 garbage-first heap   total 244736K, used 171801K [0x0000000080000000, 0x0000000100000000)
  region size 1024K, 5 young (5120K), 5 survivors (5120K)
 Metaspace       used 101018K, committed 102080K, reserved 557056K
  class space    used 14215K, committed 14720K, reserved 425984K
}
Event: 29.319 GC heap before
{Heap before GC invocations=45 (full 0):
 garbage-first heap   total 244736K, used 205593K [0x0000000080000000, 0x0000000100000000)
  region size 1024K, 38 young (38912K), 5 survivors (5120K)
 Metaspace       used 101333K, committed 102336K, reserved 557056K
  class space    used 14233K, committed 14720K, reserved 425984K
}
Event: 29.328 GC heap after
{Heap after GC invocations=46 (full 0):
 garbage-first heap   total 244736K, used 175919K [0x0000000080000000, 0x0000000100000000)
  region size 1024K, 4 young (4096K), 4 survivors (4096K)
 Metaspace       used 101333K, committed 102336K, reserved 557056K
  class space    used 14233K, committed 14720K, reserved 425984K
}
Event: 29.581 GC heap before
{Heap before GC invocations=46 (full 0):
 garbage-first heap   total 244736K, used 207663K [0x0000000080000000, 0x0000000100000000)
  region size 1024K, 35 young (35840K), 4 survivors (4096K)
 Metaspace       used 101534K, committed 102528K, reserved 557056K
  class space    used 14250K, committed 14720K, reserved 425984K
}
Event: 29.592 GC heap after
{Heap after GC invocations=47 (full 0):
 garbage-first heap   total 244736K, used 179642K [0x0000000080000000, 0x0000000100000000)
  region size 1024K, 4 young (4096K), 4 survivors (4096K)
 Metaspace       used 101534K, committed 102528K, reserved 557056K
  class space    used 14250K, committed 14720K, reserved 425984K
}
Event: 29.995 GC heap before
{Heap before GC invocations=47 (full 0):
 garbage-first heap   total 244736K, used 207290K [0x0000000080000000, 0x0000000100000000)
  region size 1024K, 32 young (32768K), 4 survivors (4096K)
 Metaspace       used 102225K, committed 103296K, reserved 557056K
  class space    used 14350K, committed 14848K, reserved 425984K
}
Event: 30.002 GC heap after
{Heap after GC invocations=48 (full 0):
 garbage-first heap   total 244736K, used 181893K [0x0000000080000000, 0x0000000100000000)
  region size 1024K, 2 young (2048K), 2 survivors (2048K)
 Metaspace       used 102225K, committed 103296K, reserved 557056K
  class space    used 14350K, committed 14848K, reserved 425984K
}
Event: 30.386 GC heap before
{Heap before GC invocations=48 (full 0):
 garbage-first heap   total 244736K, used 208517K [0x0000000080000000, 0x0000000100000000)
  region size 1024K, 29 young (29696K), 2 survivors (2048K)
 Metaspace       used 102597K, committed 103616K, reserved 557056K
  class space    used 14395K, committed 14912K, reserved 425984K
}
Event: 30.390 GC heap after
{Heap after GC invocations=49 (full 0):
 garbage-first heap   total 244736K, used 183197K [0x0000000080000000, 0x0000000100000000)
  region size 1024K, 4 young (4096K), 4 survivors (4096K)
 Metaspace       used 102597K, committed 103616K, reserved 557056K
  class space    used 14395K, committed 14912K, reserved 425984K
}
Event: 30.965 GC heap before
{Heap before GC invocations=49 (full 0):
 garbage-first heap   total 244736K, used 209821K [0x0000000080000000, 0x0000000100000000)
  region size 1024K, 31 young (31744K), 4 survivors (4096K)
 Metaspace       used 102669K, committed 103744K, reserved 557056K
  class space    used 14400K, committed 14912K, reserved 425984K
}
Event: 30.971 GC heap after
{Heap after GC invocations=50 (full 0):
 garbage-first heap   total 244736K, used 186233K [0x0000000080000000, 0x0000000100000000)
  region size 1024K, 4 young (4096K), 4 survivors (4096K)
 Metaspace       used 102669K, committed 103744K, reserved 557056K
  class space    used 14400K, committed 14912K, reserved 425984K
}
Event: 31.268 GC heap before
{Heap before GC invocations=50 (full 0):
 garbage-first heap   total 244736K, used 210809K [0x0000000080000000, 0x0000000100000000)
  region size 1024K, 28 young (28672K), 4 survivors (4096K)
 Metaspace       used 102670K, committed 103744K, reserved 557056K
  class space    used 14400K, committed 14912K, reserved 425984K
}
Event: 31.273 GC heap after
{Heap after GC invocations=51 (full 0):
 garbage-first heap   total 244736K, used 187735K [0x0000000080000000, 0x0000000100000000)
  region size 1024K, 2 young (2048K), 2 survivors (2048K)
 Metaspace       used 102670K, committed 103744K, reserved 557056K
  class space    used 14400K, committed 14912K, reserved 425984K
}

