# JRE version: OpenJDK Runtime Environment Microsoft-8035246 (17.0.8+7) (build 17.0.8+7-LTS)
# Java VM: OpenJDK 64-Bit Server VM Microsoft-8035246 (17.0.8+7-LTS, mixed mode, sharing, tiered, compressed oops, compressed class ptrs, g1 gc, windows-amd64)
GC Precious Log:
 CPUs: 4 total, 4 available
 Memory: 8136M
 Large Page Support: Disabled
 NUMA Support: Disabled
 Compressed Oops: Enabled (32-bit)
 Heap Region Size: 1M
 Heap Min Capacity: 8M
 Heap Initial Capacity: 128M
 Heap Max Capacity: 2G
 Pre-touch: Disabled
 Parallel Workers: 4
 Concurrent Workers: 1
 Concurrent Refinement Workers: 4
 Periodic GC: Disabled
Heap:
 garbage-first heap   total 312320K, used 216917K [0x0000000080000000, 0x0000000100000000)
  region size 1024K, 31 young (31744K), 6 survivors (6144K)
 Metaspace       used 107893K, committed 108992K, reserved 557056K
  class space    used 15033K, committed 15552K, reserved 425984K
GC Heap History (20 events):
Event: 28.842 GC heap before
{Heap before GC invocations=54 (full 0):
 garbage-first heap   total 188416K, used 145553K [0x0000000080000000, 0x0000000100000000)
  region size 1024K, 51 young (52224K), 2 survivors (2048K)
 Metaspace       used 89033K, committed 89792K, reserved 557056K
  class space    used 12489K, committed 12864K, reserved 425984K
}
Event: 28.845 GC heap after
{Heap after GC invocations=55 (full 0):
 garbage-first heap   total 188416K, used 96922K [0x0000000080000000, 0x0000000100000000)
  region size 1024K, 4 young (4096K), 4 survivors (4096K)
 Metaspace       used 89033K, committed 89792K, reserved 557056K
  class space    used 12489K, committed 12864K, reserved 425984K
}
Event: 29.437 GC heap before
{Heap before GC invocations=55 (full 0):
 garbage-first heap   total 188416K, used 149146K [0x0000000080000000, 0x0000000100000000)
  region size 1024K, 55 young (56320K), 4 survivors (4096K)
 Metaspace       used 91496K, committed 92352K, reserved 557056K
  class space    used 12864K, committed 13248K, reserved 425984K
}
Event: 29.446 GC heap after
{Heap after GC invocations=56 (full 0):
 garbage-first heap   total 188416K, used 102216K [0x0000000080000000, 0x0000000100000000)
  region size 1024K, 7 young (7168K), 7 survivors (7168K)
 Metaspace       used 91496K, committed 92352K, reserved 557056K
  class space    used 12864K, committed 13248K, reserved 425984K
}
Event: 29.944 GC heap before
{Heap before GC invocations=56 (full 0):
 garbage-first heap   total 188416K, used 125768K [0x0000000080000000, 0x0000000100000000)
  region size 1024K, 32 young (32768K), 7 survivors (7168K)
 Metaspace       used 92089K, committed 92992K, reserved 557056K
  class space    used 12933K, committed 13376K, reserved 425984K
}
Event: 29.952 GC heap after
{Heap after GC invocations=57 (full 0):
 garbage-first heap   total 307200K, used 105306K [0x0000000080000000, 0x0000000100000000)
  region size 1024K, 3 young (3072K), 3 survivors (3072K)
 Metaspace       used 92089K, committed 92992K, reserved 557056K
  class space    used 12933K, committed 13376K, reserved 425984K
}
Event: 32.070 GC heap before
{Heap before GC invocations=57 (full 0):
 garbage-first heap   total 307200K, used 243546K [0x0000000080000000, 0x0000000100000000)
  region size 1024K, 134 young (137216K), 3 survivors (3072K)
 Metaspace       used 98493K, committed 99392K, reserved 557056K
  class space    used 13869K, committed 14272K, reserved 425984K
}
Event: 32.080 GC heap after
{Heap after GC invocations=58 (full 0):
 garbage-first heap   total 307200K, used 124683K [0x0000000080000000, 0x0000000100000000)
  region size 1024K, 17 young (17408K), 17 survivors (17408K)
 Metaspace       used 98493K, committed 99392K, reserved 557056K
  class space    used 13869K, committed 14272K, reserved 425984K
}
Event: 32.925 GC heap before
{Heap before GC invocations=58 (full 0):
 garbage-first heap   total 307200K, used 238347K [0x0000000080000000, 0x0000000100000000)
  region size 1024K, 128 young (131072K), 17 survivors (17408K)
 Metaspace       used 99869K, committed 100864K, reserved 557056K
  class space    used 14019K, committed 14464K, reserved 425984K
}
Event: 32.945 GC heap after
{Heap after GC invocations=59 (full 0):
 garbage-first heap   total 307200K, used 141621K [0x0000000080000000, 0x0000000100000000)
  region size 1024K, 16 young (16384K), 16 survivors (16384K)
 Metaspace       used 99869K, committed 100864K, reserved 557056K
  class space    used 14019K, committed 14464K, reserved 425984K
}
Event: 34.615 GC heap before
{Heap before GC invocations=59 (full 0):
 garbage-first heap   total 307200K, used 244021K [0x0000000080000000, 0x0000000100000000)
  region size 1024K, 113 young (115712K), 16 survivors (16384K)
 Metaspace       used 101698K, committed 102720K, reserved 557056K
  class space    used 14256K, committed 14720K, reserved 425984K
}
Event: 34.638 GC heap after
{Heap after GC invocations=60 (full 0):
 garbage-first heap   total 307200K, used 165784K [0x0000000080000000, 0x0000000100000000)
  region size 1024K, 15 young (15360K), 15 survivors (15360K)
 Metaspace       used 101698K, committed 102720K, reserved 557056K
  class space    used 14256K, committed 14720K, reserved 425984K
}
Event: 35.956 GC heap before
{Heap before GC invocations=60 (full 0):
 garbage-first heap   total 307200K, used 243608K [0x0000000080000000, 0x0000000100000000)
  region size 1024K, 91 young (93184K), 15 survivors (15360K)
 Metaspace       used 106474K, committed 107520K, reserved 557056K
  class space    used 14876K, committed 15360K, reserved 425984K
}
Event: 35.976 GC heap after
{Heap after GC invocations=61 (full 0):
 garbage-first heap   total 307200K, used 176076K [0x0000000080000000, 0x0000000100000000)
  region size 1024K, 9 young (9216K), 9 survivors (9216K)
 Metaspace       used 106474K, committed 107520K, reserved 557056K
  class space    used 14876K, committed 15360K, reserved 425984K
}
Event: 37.634 GC heap before
{Heap before GC invocations=62 (full 0):
 garbage-first heap   total 312320K, used 246732K [0x0000000080000000, 0x0000000100000000)
  region size 1024K, 78 young (79872K), 9 survivors (9216K)
 Metaspace       used 107328K, committed 108416K, reserved 557056K
  class space    used 14978K, committed 15488K, reserved 425984K
}
Event: 37.655 GC heap after
{Heap after GC invocations=63 (full 0):
 garbage-first heap   total 312320K, used 184170K [0x0000000080000000, 0x0000000100000000)
  region size 1024K, 8 young (8192K), 8 survivors (8192K)
 Metaspace       used 107328K, committed 108416K, reserved 557056K
  class space    used 14978K, committed 15488K, reserved 425984K
}
Event: 37.794 GC heap before
{Heap before GC invocations=63 (full 0):
 garbage-first heap   total 312320K, used 190314K [0x0000000080000000, 0x0000000100000000)
  region size 1024K, 15 young (15360K), 8 survivors (8192K)
 Metaspace       used 107417K, committed 108544K, reserved 557056K
  class space    used 14978K, committed 15488K, reserved 425984K
}
Event: 37.804 GC heap after
{Heap after GC invocations=64 (full 0):
 garbage-first heap   total 312320K, used 184099K [0x0000000080000000, 0x0000000100000000)
  region size 1024K, 2 young (2048K), 2 survivors (2048K)
 Metaspace       used 107417K, committed 108544K, reserved 557056K
  class space    used 14978K, committed 15488K, reserved 425984K
}
Event: 38.746 GC heap before
{Heap before GC invocations=64 (full 0):
 garbage-first heap   total 312320K, used 251683K [0x0000000080000000, 0x0000000100000000)
  region size 1024K, 69 young (70656K), 2 survivors (2048K)
 Metaspace       used 107884K, committed 108992K, reserved 557056K
  class space    used 15033K, committed 15552K, reserved 425984K
}
Event: 38.756 GC heap after
{Heap after GC invocations=65 (full 0):
 garbage-first heap   total 312320K, used 188245K [0x0000000080000000, 0x0000000100000000)
  region size 1024K, 6 young (6144K), 6 survivors (6144K)
 Metaspace       used 107884K, committed 108992K, reserved 557056K
  class space    used 15033K, committed 15552K, reserved 425984K
}

